<?xml version="1.0" encoding="UTF-8"?>
<!-- Generated by org.testng.reporters.JUnitXMLReporter -->
<testsuite ignored="0" hostname="MSI" failures="0" tests="10" name="Default test" time="48.869" errors="0" timestamp="2023-02-21T22:29:10 IST">
  <testcase classname="TestNG.WebMathProject1" name="general" time="2.918"/>
  <testcase classname="TestNG.WebMathProject1" name="hyperlink" time="2.383"/>
  <testcase classname="TestNG.WebMathProject1" name="contactus" time="1.983"/>
  <testcase classname="TestNG.WebMathProject1" name="privacy" time="6.36"/>
  <testcase classname="TestNG.WebMathProject1" name="FAQs" time="10.585"/>
  <testcase classname="TestNG.WebMathProject1" name="Dropdown" time="4.771"/>
  <testcase classname="TestNG.WebMathProject1" name="submit" time="1.677"/>
  <testcase classname="TestNG.WebMathProject1" name="backToMath" time="1.211"/>
  <testcase classname="TestNG.WebMathProject1" name="otherstaff" time="3.874"/>
  <testcase classname="TestNG.WebMathProject1" name="Trig" time="2.875"/>
</testsuite> <!-- Default test -->
