<?xml version="1.0" encoding="UTF-8"?>
<testng-results ignored="0" total="10" passed="10" failed="0" skipped="0">
  <reporter-output>
  </reporter-output>
  <suite started-at="2023-02-21T22:28:21 IST" name="Default suite" finished-at="2023-02-21T22:29:10 IST" duration-ms="48869">
    <groups>
    </groups>
    <test started-at="2023-02-21T22:28:21 IST" name="Default test" finished-at="2023-02-21T22:29:10 IST" duration-ms="48869">
      <class name="TestNG.WebMathProject1">
        <test-method is-config="true" signature="LaunchUrl()[pri:0, instance:TestNG.WebMathProject1@323b36e0]" started-at="2023-02-21T22:28:21 IST" name="LaunchUrl" finished-at="2023-02-21T22:28:31 IST" duration-ms="9752" status="PASS">
          <reporter-output>
          </reporter-output>
        </test-method> <!-- LaunchUrl -->
        <test-method signature="general()[pri:1, instance:TestNG.WebMathProject1@323b36e0]" started-at="2023-02-21T22:28:31 IST" name="general" finished-at="2023-02-21T22:28:34 IST" duration-ms="2918" status="PASS">
          <reporter-output>
          </reporter-output>
        </test-method> <!-- general -->
        <test-method signature="hyperlink()[pri:2, instance:TestNG.WebMathProject1@323b36e0]" started-at="2023-02-21T22:28:34 IST" name="hyperlink" finished-at="2023-02-21T22:28:36 IST" duration-ms="2383" status="PASS">
          <reporter-output>
          </reporter-output>
        </test-method> <!-- hyperlink -->
        <test-method signature="contactus()[pri:3, instance:TestNG.WebMathProject1@323b36e0]" started-at="2023-02-21T22:28:36 IST" name="contactus" finished-at="2023-02-21T22:28:38 IST" duration-ms="1983" status="PASS">
          <reporter-output>
          </reporter-output>
        </test-method> <!-- contactus -->
        <test-method signature="privacy()[pri:4, instance:TestNG.WebMathProject1@323b36e0]" started-at="2023-02-21T22:28:38 IST" name="privacy" finished-at="2023-02-21T22:28:45 IST" duration-ms="6360" status="PASS">
          <reporter-output>
          </reporter-output>
        </test-method> <!-- privacy -->
        <test-method signature="FAQs()[pri:5, instance:TestNG.WebMathProject1@323b36e0]" started-at="2023-02-21T22:28:45 IST" name="FAQs" finished-at="2023-02-21T22:28:55 IST" duration-ms="10585" status="PASS">
          <reporter-output>
          </reporter-output>
        </test-method> <!-- FAQs -->
        <test-method signature="Dropdown()[pri:6, instance:TestNG.WebMathProject1@323b36e0]" started-at="2023-02-21T22:28:55 IST" name="Dropdown" finished-at="2023-02-21T22:29:00 IST" duration-ms="4771" status="PASS">
          <reporter-output>
          </reporter-output>
        </test-method> <!-- Dropdown -->
        <test-method signature="submit()[pri:7, instance:TestNG.WebMathProject1@323b36e0]" started-at="2023-02-21T22:29:00 IST" name="submit" finished-at="2023-02-21T22:29:02 IST" duration-ms="1677" status="PASS">
          <reporter-output>
          </reporter-output>
        </test-method> <!-- submit -->
        <test-method signature="backToMath()[pri:8, instance:TestNG.WebMathProject1@323b36e0]" started-at="2023-02-21T22:29:02 IST" name="backToMath" finished-at="2023-02-21T22:29:03 IST" duration-ms="1211" status="PASS">
          <reporter-output>
          </reporter-output>
        </test-method> <!-- backToMath -->
        <test-method signature="otherstaff()[pri:9, instance:TestNG.WebMathProject1@323b36e0]" started-at="2023-02-21T22:29:03 IST" name="otherstaff" finished-at="2023-02-21T22:29:07 IST" duration-ms="3874" status="PASS">
          <reporter-output>
          </reporter-output>
        </test-method> <!-- otherstaff -->
        <test-method signature="Trig()[pri:10, instance:TestNG.WebMathProject1@323b36e0]" started-at="2023-02-21T22:29:07 IST" name="Trig" finished-at="2023-02-21T22:29:10 IST" duration-ms="2875" status="PASS">
          <reporter-output>
          </reporter-output>
        </test-method> <!-- Trig -->
        <test-method is-config="true" signature="afterClass()[pri:0, instance:TestNG.WebMathProject1@323b36e0]" started-at="2023-02-21T22:29:10 IST" name="afterClass" finished-at="2023-02-21T22:29:10 IST" duration-ms="351" status="PASS">
          <reporter-output>
          </reporter-output>
        </test-method> <!-- afterClass -->
      </class> <!-- TestNG.WebMathProject1 -->
    </test> <!-- Default test -->
  </suite> <!-- Default suite -->
</testng-results>
